TN:
SF:src/constants/errors.ts
FNF:0
FNH:0
DA:1,6
DA:11,6
LF:2
LH:2
BRF:0
BRH:0
end_of_record
TN:
SF:src/constants/index.ts
FN:1,(anonymous_1)
FN:2,(anonymous_2)
FNF:2
FNH:2
FNDA:8,(anonymous_1)
FNDA:1,(anonymous_2)
DA:1,14
DA:2,7
LF:2
LH:2
BRF:0
BRH:0
end_of_record
TN:
SF:src/constants/keys.ts
FNF:0
FNH:0
DA:1,6
DA:7,6
LF:2
LH:2
BRF:0
BRH:0
end_of_record
TN:
SF:src/modules/arbol/arbol.controller.ts
FN:19,(anonymous_4)
FN:23,(anonymous_5)
FN:29,(anonymous_6)
FN:34,(anonymous_7)
FN:40,(anonymous_8)
FN:49,(anonymous_9)
FN:55,(anonymous_10)
FNF:7
FNH:7
FNDA:7,(anonymous_4)
FNDA:1,(anonymous_5)
FNDA:1,(anonymous_6)
FNDA:1,(anonymous_7)
FNDA:1,(anonymous_8)
FNDA:1,(anonymous_9)
FNDA:1,(anonymous_10)
DA:1,1
DA:12,1
DA:13,1
DA:14,1
DA:15,1
DA:18,1
DA:19,7
DA:23,1
DA:24,1
DA:29,1
DA:30,1
DA:34,1
DA:35,1
DA:40,1
DA:44,1
DA:49,1
DA:50,1
DA:55,1
DA:56,1
LF:19
LH:19
BRF:0
BRH:0
end_of_record
TN:
SF:src/modules/arbol/arbol.repository.ts
FN:54,(anonymous_2)
FN:75,(anonymous_3)
FN:87,(anonymous_4)
FN:121,(anonymous_5)
FN:130,(anonymous_6)
FN:143,(anonymous_7)
FN:147,(anonymous_8)
FNF:7
FNH:7
FNDA:7,(anonymous_2)
FNDA:1,(anonymous_3)
FNDA:1,(anonymous_4)
FNDA:1,(anonymous_5)
FNDA:1,(anonymous_6)
FNDA:1,(anonymous_7)
FNDA:1,(anonymous_8)
DA:1,3
DA:2,3
DA:3,3
DA:53,3
DA:54,7
DA:56,7
DA:76,1
DA:89,1
DA:91,1
DA:122,1
DA:131,1
DA:144,1
DA:150,1
LF:13
LH:13
BRDA:89,0,0,1
BRDA:89,0,1,1
BRDA:96,1,0,1
BRDA:96,1,1,0
BRDA:102,2,0,1
BRDA:102,2,1,0
BRDA:103,3,0,0
BRDA:103,3,1,0
BRDA:111,4,0,1
BRDA:111,4,1,0
BRF:10
BRH:5
end_of_record
TN:
SF:src/modules/arbol/arbol.service.ts
FN:11,(anonymous_2)
FN:13,(anonymous_3)
FN:22,(anonymous_4)
FN:26,(anonymous_5)
FN:30,(anonymous_6)
FN:34,(anonymous_7)
FN:38,(anonymous_8)
FNF:7
FNH:7
FNDA:7,(anonymous_2)
FNDA:1,(anonymous_3)
FNDA:1,(anonymous_4)
FNDA:1,(anonymous_5)
FNDA:1,(anonymous_6)
FNDA:1,(anonymous_7)
FNDA:1,(anonymous_8)
DA:1,2
DA:3,2
DA:4,2
DA:10,2
DA:11,7
DA:14,1
DA:23,1
DA:27,1
DA:31,1
DA:35,1
DA:41,1
DA:42,1
DA:43,1
DA:44,0
DA:46,1
LF:15
LH:14
BRDA:43,0,0,0
BRF:1
BRH:0
end_of_record
TN:
SF:src/modules/arbol/dto/create-arbol.dto.ts
FNF:0
FNH:0
DA:1,1
DA:2,1
DA:4,1
DA:7,1
DA:11,1
DA:15,1
DA:19,1
LF:7
LH:7
BRF:0
BRH:0
end_of_record
TN:
SF:src/modules/arbol/dto/filter-arbol.dto.ts
FNF:0
FNH:0
DA:1,1
DA:2,1
DA:4,1
DA:7,1
DA:11,1
DA:15,1
LF:6
LH:6
BRF:0
BRH:0
end_of_record
TN:
SF:src/modules/arbol/dto/update-arbol.ts
FNF:0
FNH:0
DA:1,1
DA:2,1
DA:4,1
DA:7,1
DA:11,1
DA:15,1
DA:19,1
LF:7
LH:7
BRF:0
BRH:0
end_of_record
TN:
SF:src/modules/auth/auth.controller.ts
FN:11,(anonymous_4)
FN:19,(anonymous_5)
FN:25,(anonymous_6)
FN:31,(anonymous_7)
FNF:4
FNH:4
FNDA:4,(anonymous_4)
FNDA:1,(anonymous_5)
FNDA:1,(anonymous_6)
FNDA:2,(anonymous_7)
DA:1,1
DA:2,1
DA:3,1
DA:4,1
DA:5,1
DA:6,1
DA:7,1
DA:10,1
DA:12,4
DA:13,4
DA:14,4
DA:19,1
DA:20,1
DA:25,1
DA:26,1
DA:31,1
DA:32,2
DA:33,2
DA:34,1
DA:35,1
DA:36,1
DA:41,1
LF:22
LH:22
BRF:0
BRH:0
end_of_record
TN:
SF:src/modules/auth/auth.service.ts
FN:16,(anonymous_2)
FN:22,(anonymous_3)
FN:39,(anonymous_4)
FN:49,(anonymous_5)
FN:62,(anonymous_6)
FNF:5
FNH:5
FNDA:5,(anonymous_2)
FNDA:3,(anonymous_3)
FNDA:1,(anonymous_4)
FNDA:2,(anonymous_5)
FNDA:3,(anonymous_6)
DA:1,2
DA:2,2
DA:4,2
DA:5,2
DA:10,2
DA:12,2
DA:15,2
DA:17,5
DA:18,5
DA:19,5
DA:23,3
DA:24,3
DA:26,1
DA:32,2
DA:33,2
DA:35,0
DA:40,1
DA:41,1
DA:46,1
DA:50,2
DA:56,2
DA:66,3
DA:68,3
DA:69,2
DA:72,1
DA:74,1
LF:26
LH:25
BRDA:32,0,0,2
BRDA:68,1,0,2
BRF:2
BRH:2
end_of_record
TN:
SF:src/modules/auth/google-auth.service.ts
FN:21,(anonymous_4)
FN:28,(anonymous_5)
FNF:2
FNH:0
FNDA:0,(anonymous_4)
FNDA:0,(anonymous_5)
DA:1,1
DA:7,1
DA:8,1
DA:18,1
DA:22,0
DA:23,0
DA:25,0
DA:29,0
DA:31,0
DA:36,0
DA:38,0
DA:39,0
DA:42,0
DA:43,0
DA:45,0
DA:46,0
DA:50,0
DA:52,0
DA:55,0
DA:57,0
DA:67,0
DA:72,0
DA:73,0
DA:80,0
DA:82,0
DA:83,0
LF:26
LH:4
BRDA:38,0,0,0
BRDA:45,1,0,0
BRDA:45,2,0,0
BRDA:45,2,1,0
BRDA:55,3,0,0
BRDA:55,3,1,0
BRDA:72,4,0,0
BRDA:72,5,0,0
BRDA:72,5,1,0
BRF:9
BRH:0
end_of_record
TN:
SF:src/modules/auth/password.service.ts
FN:17,(anonymous_10)
FN:22,(anonymous_11)
FN:46,(anonymous_12)
FN:18,(anonymous_13)
FNF:4
FNH:4
FNDA:4,(anonymous_10)
FNDA:3,(anonymous_11)
FNDA:1,(anonymous_12)
FNDA:4,(anonymous_13)
DA:1,4
DA:9,4
DA:10,4
DA:11,4
DA:14,4
DA:15,4
DA:18,4
DA:19,4
DA:26,3
DA:27,3
DA:29,3
DA:30,1
DA:33,2
DA:35,2
DA:36,1
DA:39,1
DA:41,2
DA:42,2
DA:47,1
DA:48,1
DA:50,0
DA:51,0
LF:22
LH:20
BRDA:29,0,0,1
BRDA:35,1,0,1
BRF:2
BRH:2
end_of_record
TN:
SF:src/modules/auth/decorators/get-auth-payload.decorator.ts
FN:23,(anonymous_0)
FNF:1
FNH:0
FNDA:0,(anonymous_0)
DA:1,2
DA:2,2
DA:3,2
DA:22,2
DA:27,0
DA:29,0
DA:31,0
LF:7
LH:4
BRDA:31,0,0,0
BRDA:31,0,1,0
BRF:2
BRH:0
end_of_record
TN:
SF:src/modules/auth/decorators/index.ts
FNF:0
FNH:0
DA:1,2
DA:2,2
DA:3,2
LF:3
LH:3
BRF:0
BRH:0
end_of_record
TN:
SF:src/modules/auth/decorators/is-public-resource.decorator.ts
FN:4,(anonymous_1)
FNF:1
FNH:1
FNDA:3,(anonymous_1)
DA:1,2
DA:2,2
DA:4,2
DA:5,3
LF:4
LH:4
BRF:0
BRH:0
end_of_record
TN:
SF:src/modules/auth/decorators/roles.decorator.ts
FN:5,(anonymous_0)
FNF:1
FNH:1
FNDA:1,(anonymous_0)
DA:1,2
DA:3,2
DA:5,2
DA:6,1
LF:4
LH:4
BRF:0
BRH:0
end_of_record
TN:
SF:src/modules/auth/dto/login.dto.ts
FN:5,(anonymous_2)
FN:9,(anonymous_3)
FNF:2
FNH:0
FNDA:0,(anonymous_2)
FNDA:0,(anonymous_3)
DA:1,1
DA:2,1
DA:4,1
DA:5,0
DA:7,1
DA:9,0
DA:12,1
LF:7
LH:5
BRF:0
BRH:0
end_of_record
TN:
SF:src/modules/auth/dto/register.dto.ts
FN:6,(anonymous_2)
FN:14,(anonymous_3)
FNF:2
FNH:0
FNDA:0,(anonymous_2)
FNDA:0,(anonymous_3)
DA:1,1
DA:2,1
DA:3,1
DA:5,1
DA:6,0
DA:9,1
DA:12,1
DA:14,0
DA:17,1
DA:20,1
DA:25,1
LF:11
LH:9
BRF:0
BRH:0
end_of_record
TN:
SF:src/modules/auth/dto/update-profile.dto.ts
FN:5,(anonymous_2)
FN:13,(anonymous_3)
FNF:2
FNH:0
FNDA:0,(anonymous_2)
FNDA:0,(anonymous_3)
DA:1,1
DA:2,1
DA:4,1
DA:5,0
DA:8,1
DA:11,1
DA:13,0
DA:16,1
DA:21,1
LF:9
LH:7
BRF:0
BRH:0
end_of_record
TN:
SF:src/modules/cosecha/cosecha.controller.ts
FN:20,(anonymous_4)
FN:23,(anonymous_5)
FN:28,(anonymous_6)
FN:34,(anonymous_7)
FN:39,(anonymous_8)
FN:47,(anonymous_9)
FNF:6
FNH:6
FNDA:6,(anonymous_4)
FNDA:1,(anonymous_5)
FNDA:1,(anonymous_6)
FNDA:2,(anonymous_7)
FNDA:1,(anonymous_8)
FNDA:1,(anonymous_9)
DA:1,1
DA:13,1
DA:14,1
DA:15,1
DA:16,1
DA:19,1
DA:20,6
DA:23,1
DA:24,1
DA:28,1
DA:30,1
DA:34,1
DA:35,2
DA:39,1
DA:43,1
DA:47,1
DA:48,1
LF:17
LH:17
BRF:0
BRH:0
end_of_record
TN:
SF:src/modules/cosecha/cosecha.repository.ts
FN:44,(anonymous_2)
FN:64,(anonymous_3)
FN:76,(anonymous_4)
FN:85,(anonymous_5)
FN:92,(anonymous_6)
FN:104,(anonymous_7)
FNF:6
FNH:6
FNDA:6,(anonymous_2)
FNDA:1,(anonymous_3)
FNDA:1,(anonymous_4)
FNDA:2,(anonymous_5)
FNDA:1,(anonymous_6)
FNDA:1,(anonymous_7)
DA:1,3
DA:3,3
DA:43,3
DA:44,6
DA:46,6
DA:65,1
DA:77,1
DA:86,2
DA:93,1
DA:105,1
LF:10
LH:10
BRF:0
BRH:0
end_of_record
TN:
SF:src/modules/cosecha/cosecha.service.ts
FN:10,(anonymous_2)
FN:12,(anonymous_3)
FN:16,(anonymous_4)
FN:25,(anonymous_5)
FN:29,(anonymous_6)
FN:33,(anonymous_7)
FNF:6
FNH:6
FNDA:6,(anonymous_2)
FNDA:1,(anonymous_3)
FNDA:1,(anonymous_4)
FNDA:2,(anonymous_5)
FNDA:1,(anonymous_6)
FNDA:1,(anonymous_7)
DA:1,2
DA:3,2
DA:9,2
DA:10,6
DA:13,1
DA:17,1
DA:19,1
DA:20,1
DA:22,1
DA:26,2
DA:30,1
DA:34,1
LF:12
LH:12
BRDA:19,0,0,1
BRF:1
BRH:1
end_of_record
TN:
SF:src/modules/cosecha/dto/create-cosecha.dto.ts
FNF:0
FNH:0
DA:1,1
DA:2,1
DA:4,1
DA:6,1
DA:9,1
DA:12,1
DA:15,1
LF:7
LH:7
BRF:0
BRH:0
end_of_record
TN:
SF:src/modules/cosecha/dto/filter-cosecha.dto.ts
FN:8,(anonymous_2)
FNF:1
FNH:0
FNDA:0,(anonymous_2)
DA:1,1
DA:2,1
DA:3,1
DA:5,1
DA:8,0
DA:9,1
DA:12,1
LF:7
LH:6
BRF:0
BRH:0
end_of_record
TN:
SF:src/modules/cosecha/dto/update-cosecha.dto.ts
FNF:0
FNH:0
DA:1,1
DA:2,1
DA:4,1
DA:6,1
DA:9,1
DA:12,1
LF:6
LH:6
BRF:0
BRH:0
end_of_record
TN:
SF:src/modules/finca/finca.controller.ts
FN:17,(anonymous_4)
FN:20,(anonymous_5)
FN:26,(anonymous_6)
FN:31,(anonymous_7)
FN:36,(anonymous_8)
FN:44,(anonymous_9)
FNF:6
FNH:6
FNDA:5,(anonymous_4)
FNDA:1,(anonymous_5)
FNDA:1,(anonymous_6)
FNDA:1,(anonymous_7)
FNDA:1,(anonymous_8)
FNDA:1,(anonymous_9)
DA:1,1
DA:11,1
DA:12,1
DA:13,1
DA:16,1
DA:17,5
DA:20,1
DA:21,1
DA:22,1
DA:26,1
DA:27,1
DA:31,1
DA:32,1
DA:36,1
DA:40,1
DA:44,1
DA:45,1
LF:17
LH:17
BRF:0
BRH:0
end_of_record
TN:
SF:src/modules/finca/finca.repository.ts
FN:40,(anonymous_2)
FN:57,(anonymous_3)
FN:68,(anonymous_4)
FN:83,(anonymous_5)
FN:94,(anonymous_6)
FN:103,(anonymous_7)
FNF:6
FNH:6
FNDA:6,(anonymous_2)
FNDA:1,(anonymous_3)
FNDA:1,(anonymous_4)
FNDA:1,(anonymous_5)
FNDA:1,(anonymous_6)
FNDA:2,(anonymous_7)
DA:1,3
DA:3,3
DA:39,3
DA:40,6
DA:42,6
DA:58,1
DA:72,1
DA:85,1
DA:88,1
DA:95,1
DA:104,2
LF:11
LH:11
BRF:0
BRH:0
end_of_record
TN:
SF:src/modules/finca/finca.service.ts
FN:8,(anonymous_2)
FN:10,(anonymous_3)
FN:14,(anonymous_4)
FN:22,(anonymous_5)
FN:31,(anonymous_6)
FN:35,(anonymous_7)
FNF:6
FNH:6
FNDA:8,(anonymous_2)
FNDA:1,(anonymous_3)
FNDA:2,(anonymous_4)
FNDA:2,(anonymous_5)
FNDA:1,(anonymous_6)
FNDA:2,(anonymous_7)
DA:1,2
DA:4,2
DA:7,2
DA:8,8
DA:11,1
DA:15,2
DA:16,2
DA:17,1
DA:19,1
DA:23,2
DA:24,2
DA:25,1
DA:28,1
DA:32,1
DA:36,2
DA:37,2
DA:38,1
DA:40,1
LF:18
LH:18
BRDA:16,0,0,1
BRDA:24,1,0,1
BRDA:37,2,0,1
BRF:3
BRH:3
end_of_record
TN:
SF:src/modules/finca/dto/create-finca.dto.ts
FNF:0
FNH:0
DA:1,1
DA:3,1
DA:6,1
DA:10,1
DA:14,1
LF:5
LH:5
BRF:0
BRH:0
end_of_record
TN:
SF:src/modules/finca/dto/update-finca.dto.ts
FNF:0
FNH:0
DA:1,1
DA:3,1
DA:6,1
DA:10,1
DA:14,1
LF:5
LH:5
BRF:0
BRH:0
end_of_record
TN:
SF:src/modules/users/users.controller.ts
FN:19,(anonymous_4)
FN:23,(anonymous_5)
FN:28,(anonymous_6)
FN:33,(anonymous_7)
FN:39,(anonymous_8)
FNF:5
FNH:5
FNDA:4,(anonymous_4)
FNDA:1,(anonymous_5)
FNDA:1,(anonymous_6)
FNDA:1,(anonymous_7)
FNDA:1,(anonymous_8)
DA:1,1
DA:10,1
DA:11,1
DA:12,1
DA:13,1
DA:14,1
DA:18,1
DA:19,4
DA:23,1
DA:24,1
DA:28,1
DA:29,1
DA:33,1
DA:34,1
DA:39,1
DA:43,1
DA:44,1
LF:17
LH:17
BRF:0
BRH:0
end_of_record
TN:
SF:src/modules/users/users.repository.ts
FN:11,(anonymous_2)
FN:13,(anonymous_3)
FN:17,(anonymous_4)
FN:23,(anonymous_5)
FN:32,(anonymous_6)
FN:35,(anonymous_7)
FNF:6
FNH:6
FNDA:12,(anonymous_2)
FNDA:2,(anonymous_3)
FNDA:4,(anonymous_4)
FNDA:2,(anonymous_5)
FNDA:2,(anonymous_6)
FNDA:2,(anonymous_7)
DA:1,6
DA:3,6
DA:10,6
DA:11,12
DA:14,2
DA:18,4
DA:24,2
DA:33,2
DA:36,2
DA:37,2
LF:10
LH:10
BRF:0
BRH:0
end_of_record
TN:
SF:src/modules/users/users.service.ts
FN:15,(anonymous_4)
FN:21,(anonymous_5)
FN:29,(anonymous_6)
FN:41,(anonymous_7)
FN:49,(anonymous_8)
FN:56,(anonymous_9)
FN:16,(anonymous_10)
FNF:7
FNH:0
FNDA:0,(anonymous_4)
FNDA:0,(anonymous_5)
FNDA:0,(anonymous_6)
FNDA:0,(anonymous_7)
FNDA:0,(anonymous_8)
FNDA:0,(anonymous_9)
FNDA:0,(anonymous_10)
DA:1,4
DA:9,4
DA:11,4
DA:14,4
DA:16,0
DA:17,0
DA:18,0
DA:22,0
DA:23,0
DA:24,0
DA:26,0
DA:30,0
DA:32,0
DA:42,0
DA:43,0
DA:44,0
DA:46,0
DA:50,0
DA:51,0
DA:52,0
DA:54,0
DA:57,0
LF:22
LH:4
BRDA:23,0,0,0
BRDA:43,1,0,0
BRDA:51,2,0,0
BRF:3
BRH:0
end_of_record
TN:
SF:src/modules/users/dto/create-user.dto.ts
FNF:0
FNH:0
DA:3,1
DA:5,1
DA:7,1
DA:10,1
DA:13,1
DA:16,1
DA:19,1
DA:23,1
DA:26,1
LF:9
LH:9
BRF:0
BRH:0
end_of_record
TN:
SF:src/utils/index.ts
FN:3,getReqResFromCtx
FNF:1
FNH:0
FNDA:0,getReqResFromCtx
DA:3,2
DA:4,0
DA:5,0
LF:3
LH:1
BRF:0
BRH:0
end_of_record
